#
# There is insufficient memory for the Java Runtime Environment to continue.
# Native memory allocation (malloc) failed to allocate 1087168 bytes. Error detail: Chunk::new
# Possible reasons:
#   The system is out of physical RAM or swap space
#   This process is running with CompressedOops enabled, and the Java Heap may be blocking the growth of the native heap
# Possible solutions:
#   Reduce memory load on the system
#   Increase physical memory or swap space
#   Check if swap backing store is full
#   Decrease Java heap size (-Xmx/-Xms)
#   Decrease number of Java threads
#   Decrease Java thread stack sizes (-Xss)
#   Set larger code cache with -XX:ReservedCodeCacheSize=
#   JVM is running with Unscaled Compressed Oops mode in which the Java heap is
#     placed in the first 4GB address space. The Java Heap base address is the
#     maximum limit for the native heap growth. Please use -XX:HeapBaseMinAddress
#     to set the Java Heap base and to place the Java Heap above 4GB virtual address.
# This output file may be truncated or incomplete.
#
#  Out of Memory Error (arena.cpp:150), pid=58464, tid=93328
#
# JRE version: OpenJDK Runtime Environment (22.0+36) (build 22+36-2370)
# Java VM: OpenJDK 64-Bit Server VM (22+36-2370, mixed mode, sharing, tiered, compressed oops, compressed class ptrs, g1 gc, windows-amd64)
# No core dump will be written. Minidumps are not enabled by default on client versions of Windows
#

---------------  S U M M A R Y ------------

Command Line: -javaagent:C:\Program Files\JetBrains\IntelliJ IDEA Community Edition 2023.3.6\lib\idea_rt.jar=58028:C:\Program Files\JetBrains\IntelliJ IDEA Community Edition 2023.3.6\bin -Dfile.encoding=UTF-8 -Dsun.stdout.encoding=UTF-8 -Dsun.stderr.encoding=UTF-8 com.sundar.OnlineFoodOrderingApplication

Host: 11th Gen Intel(R) Core(TM) i3-1115G4 @ 3.00GHz, 4 cores, 7G,  Windows 11 , 64 bit Build 22000 (10.0.22000.1880)
Time: Thu Apr 25 17:15:52 2024 India Standard Time elapsed time: 6657.010226 seconds (0d 1h 50m 57s)

---------------  T H R E A D  ---------------

Current thread (0x000001f3e3ea35c0):  JavaThread "C2 CompilerThread0" daemon [_thread_in_native, id=93328, stack(0x0000005409900000,0x0000005409a00000) (1024K)]


Current CompileTask:
C2:6657010 16999   !   4       org.springframework.core.annotation.AnnotationsScanner::processMethodHierarchy (276 bytes)

Stack: [0x0000005409900000,0x0000005409a00000]
Native frames: (J=compiled Java code, j=interpreted, Vv=VM code, C=native code)
V  [jvm.dll+0x6e2349]  (no source info available)
V  [jvm.dll+0x874ed3]  (no source info available)
V  [jvm.dll+0x8772fe]  (no source info available)
V  [jvm.dll+0x8779d3]  (no source info available)
V  [jvm.dll+0x27fcb6]  (no source info available)
V  [jvm.dll+0xc3d0f]  (no source info available)
V  [jvm.dll+0xc3f6b]  (no source info available)
V  [jvm.dll+0x3bb05c]  (no source info available)
V  [jvm.dll+0x387abb]  (no source info available)
V  [jvm.dll+0x386f2a]  (no source info available)
V  [jvm.dll+0x247908]  (no source info available)
V  [jvm.dll+0x246faf]  (no source info available)
V  [jvm.dll+0x1c4e90]  (no source info available)
V  [jvm.dll+0x25699e]  (no source info available)
V  [jvm.dll+0x254c5a]  (no source info available)
V  [jvm.dll+0x3f5426]  (no source info available)
V  [jvm.dll+0x81d50b]  (no source info available)
V  [jvm.dll+0x6e09e5]  (no source info available)
C  [ucrtbase.dll+0x26c0c]  (no source info available)
C  [KERNEL32.DLL+0x155a0]  (no source info available)
C  [ntdll.dll+0x485b]  (no source info available)


---------------  P R O C E S S  ---------------

Threads class SMR info:
_java_thread_list=0x000001f3e5181590, length=31, elements={
0x000001f3e3e8de00, 0x000001f3e3e94f20, 0x000001f3e3e96f40, 0x000001f3e3e98600,
0x000001f3e3e9a780, 0x000001f3e3e9bf40, 0x000001f3e3ea35c0, 0x000001f3e3eb9360,
0x000001f3e3e5f740, 0x000001f3c5472be0, 0x000001f3c550dfa0, 0x000001f3e73f48f0,
0x000001f3e7218af0, 0x000001f3e6dec1c0, 0x000001f3e6328ee0, 0x000001f3e52600a0,
0x000001f3e5262170, 0x000001f3e5261ae0, 0x000001f3e5260730, 0x000001f3e5262e90,
0x000001f3e5260dc0, 0x000001f3e5262800, 0x000001f3e5261450, 0x000001f3e8781510,
0x000001f3e877fad0, 0x000001f3e8780160, 0x000001f3e8781ba0, 0x000001f3e87807f0,
0x000001f3e877f440, 0x000001f3e8780e80, 0x000001f3e8782230
}

Java Threads: ( => current thread )
  0x000001f3e3e8de00 JavaThread "Reference Handler"          daemon [_thread_blocked, id=92624, stack(0x0000005409300000,0x0000005409400000) (1024K)]
  0x000001f3e3e94f20 JavaThread "Finalizer"                  daemon [_thread_blocked, id=75812, stack(0x0000005409400000,0x0000005409500000) (1024K)]
  0x000001f3e3e96f40 JavaThread "Signal Dispatcher"          daemon [_thread_blocked, id=92984, stack(0x0000005409500000,0x0000005409600000) (1024K)]
  0x000001f3e3e98600 JavaThread "Attach Listener"            daemon [_thread_blocked, id=96188, stack(0x0000005409600000,0x0000005409700000) (1024K)]
  0x000001f3e3e9a780 JavaThread "Service Thread"             daemon [_thread_blocked, id=93932, stack(0x0000005409700000,0x0000005409800000) (1024K)]
  0x000001f3e3e9bf40 JavaThread "Monitor Deflation Thread"   daemon [_thread_blocked, id=96220, stack(0x0000005409800000,0x0000005409900000) (1024K)]
=>0x000001f3e3ea35c0 JavaThread "C2 CompilerThread0"         daemon [_thread_in_native, id=93328, stack(0x0000005409900000,0x0000005409a00000) (1024K)]
  0x000001f3e3eb9360 JavaThread "C1 CompilerThread0"         daemon [_thread_blocked, id=93112, stack(0x0000005409a00000,0x0000005409b00000) (1024K)]
  0x000001f3e3e5f740 JavaThread "Common-Cleaner"             daemon [_thread_blocked, id=91740, stack(0x0000005409b00000,0x0000005409c00000) (1024K)]
  0x000001f3c5472be0 JavaThread "Monitor Ctrl-Break"         daemon [_thread_in_native, id=94992, stack(0x0000005409d00000,0x0000005409e00000) (1024K)]
  0x000001f3c550dfa0 JavaThread "Notification Thread"        daemon [_thread_blocked, id=93632, stack(0x0000005409e00000,0x0000005409f00000) (1024K)]
  0x000001f3e73f48f0 JavaThread "Catalina-utility-1"                [_thread_blocked, id=95152, stack(0x000000540a400000,0x000000540a500000) (1024K)]
  0x000001f3e7218af0 JavaThread "Catalina-utility-2"                [_thread_blocked, id=92712, stack(0x000000540a500000,0x000000540a600000) (1024K)]
  0x000001f3e6dec1c0 JavaThread "container-0"                       [_thread_blocked, id=94596, stack(0x000000540a600000,0x000000540a700000) (1024K)]
  0x000001f3e6328ee0 JavaThread "mysql-cj-abandoned-connection-cleanup" daemon [_thread_blocked, id=91400, stack(0x000000540a700000,0x000000540a800000) (1024K)]
  0x000001f3e52600a0 JavaThread "HikariPool-1 housekeeper"   daemon [_thread_blocked, id=89948, stack(0x000000540a900000,0x000000540aa00000) (1024K)]
  0x000001f3e5262170 JavaThread "File Watcher"               daemon [_thread_blocked, id=90744, stack(0x000000540aa00000,0x000000540ab00000) (1024K)]
  0x000001f3e5261ae0 JavaThread "Live Reload Server"         daemon [_thread_in_native, id=87304, stack(0x000000540ac00000,0x000000540ad00000) (1024K)]
  0x000001f3e5260730 JavaThread "http-nio-5454-exec-1"       daemon [_thread_blocked, id=93380, stack(0x000000540ab00000,0x000000540ac00000) (1024K)]
  0x000001f3e5262e90 JavaThread "http-nio-5454-exec-2"       daemon [_thread_blocked, id=66132, stack(0x000000540ad00000,0x000000540ae00000) (1024K)]
  0x000001f3e5260dc0 JavaThread "http-nio-5454-exec-3"       daemon [_thread_blocked, id=95764, stack(0x000000540ae00000,0x000000540af00000) (1024K)]
  0x000001f3e5262800 JavaThread "http-nio-5454-exec-4"       daemon [_thread_blocked, id=90840, stack(0x000000540af00000,0x000000540b000000) (1024K)]
  0x000001f3e5261450 JavaThread "http-nio-5454-exec-5"       daemon [_thread_blocked, id=95688, stack(0x000000540b000000,0x000000540b100000) (1024K)]
  0x000001f3e8781510 JavaThread "http-nio-5454-exec-6"       daemon [_thread_blocked, id=95488, stack(0x000000540b100000,0x000000540b200000) (1024K)]
  0x000001f3e877fad0 JavaThread "http-nio-5454-exec-7"       daemon [_thread_blocked, id=95616, stack(0x000000540b200000,0x000000540b300000) (1024K)]
  0x000001f3e8780160 JavaThread "http-nio-5454-exec-8"       daemon [_thread_blocked, id=94844, stack(0x000000540b300000,0x000000540b400000) (1024K)]
  0x000001f3e8781ba0 JavaThread "http-nio-5454-exec-9"       daemon [_thread_blocked, id=95936, stack(0x000000540b400000,0x000000540b500000) (1024K)]
  0x000001f3e87807f0 JavaThread "http-nio-5454-exec-10"      daemon [_thread_blocked, id=92832, stack(0x000000540b500000,0x000000540b600000) (1024K)]
  0x000001f3e877f440 JavaThread "http-nio-5454-Poller"       daemon [_thread_in_native, id=93420, stack(0x000000540b600000,0x000000540b700000) (1024K)]
  0x000001f3e8780e80 JavaThread "http-nio-5454-Acceptor"     daemon [_thread_in_native, id=94428, stack(0x000000540b700000,0x000000540b800000) (1024K)]
  0x000001f3e8782230 JavaThread "DestroyJavaVM"                     [_thread_blocked, id=91268, stack(0x0000005408b00000,0x0000005408c00000) (1024K)]
Total: 31

Other Threads:
  0x000001f3e3e750e0 VMThread "VM Thread"                           [id=93396, stack(0x0000005409200000,0x0000005409300000) (1024K)]
  0x000001f3e3e5ebd0 WatcherThread "VM Periodic Task Thread"        [id=89856, stack(0x0000005409100000,0x0000005409200000) (1024K)]
  0x000001f3c8083cb0 WorkerThread "GC Thread#0"                     [id=81168, stack(0x0000005408c00000,0x0000005408d00000) (1024K)]
  0x000001f3e410e480 WorkerThread "GC Thread#1"                     [id=95348, stack(0x0000005409f00000,0x000000540a000000) (1024K)]
  0x000001f3e448a5e0 WorkerThread "GC Thread#2"                     [id=93648, stack(0x000000540a000000,0x000000540a100000) (1024K)]
  0x000001f3e4401ac0 WorkerThread "GC Thread#3"                     [id=95320, stack(0x000000540a100000,0x000000540a200000) (1024K)]
  0x000001f3c8090800 ConcurrentGCThread "G1 Main Marker"            [id=93092, stack(0x0000005408d00000,0x0000005408e00000) (1024K)]
  0x000001f3c5aae010 WorkerThread "G1 Conc#0"                       [id=92592, stack(0x0000005408e00000,0x0000005408f00000) (1024K)]
  0x000001f3e3d2f2a0 ConcurrentGCThread "G1 Refine#0"               [id=82192, stack(0x0000005408f00000,0x0000005409000000) (1024K)]
  0x000001f3e3d31c40 ConcurrentGCThread "G1 Service"                [id=93588, stack(0x0000005409000000,0x0000005409100000) (1024K)]
Total: 10

Threads with active compile tasks:
C2 CompilerThread0  6657334 16999   !   4       org.springframework.core.annotation.AnnotationsScanner::processMethodHierarchy (276 bytes)
Total: 1

VM state: not at safepoint (normal execution)

VM Mutex/Monitor currently owned by a thread: None

Heap address: 0x0000000085800000, size: 1960 MB, Compressed Oops mode: 32-bit

CDS archive(s) mapped at: [0x000001f380000000-0x000001f380c50000-0x000001f380c50000), size 12910592, SharedBaseAddress: 0x000001f380000000, ArchiveRelocationMode: 1.
Compressed class space mapped at: 0x000001f381000000-0x000001f3c1000000, reserved size: 1073741824
Narrow klass base: 0x000001f380000000, Narrow klass shift: 0, Narrow klass range: 0x41000000

GC Precious Log:
 CardTable entry size: 512
 Card Set container configuration: InlinePtr #cards 5 size 8 Array Of Cards #cards 12 size 40 Howl #buckets 4 coarsen threshold 1843 Howl Bitmap #cards 512 size 80 coarsen threshold 460 Card regions per heap region 1 cards per card region 2048
 CPUs: 4 total, 4 available
 Memory: 7834M
 Large Page Support: Disabled
 NUMA Support: Disabled
 Compressed Oops: Enabled (32-bit)
 Heap Region Size: 1M
 Heap Min Capacity: 8M
 Heap Initial Capacity: 124M
 Heap Max Capacity: 1960M
 Pre-touch: Disabled
 Parallel Workers: 4
 Concurrent Workers: 1
 Concurrent Refinement Workers: 4
 Periodic GC: Disabled

Heap:
 garbage-first heap   total reserved 2007040K, committed 79872K, used 64986K [0x0000000085800000, 0x0000000100000000)
  region size 1024K, 31 young (31744K), 1 survivors (1024K)
 Metaspace       used 85736K, committed 86400K, reserved 1179648K
  class space    used 11252K, committed 11584K, reserved 1048576K

Heap Regions: E=young(eden), S=young(survivor), O=old, HS=humongous(starts), HC=humongous(continues), CS=collection set, F=free, TAMS=top-at-mark-start, PB=parsable bottom
|   0|0x0000000085800000, 0x0000000085900000, 0x0000000085900000|100%|HS|  |TAMS 0x0000000085800000| PB 0x0000000085800000| Complete |  0
|   1|0x0000000085900000, 0x0000000085a00000, 0x0000000085a00000|100%| O|  |TAMS 0x0000000085900000| PB 0x0000000085900000| Untracked |  0
|   2|0x0000000085a00000, 0x0000000085b00000, 0x0000000085b00000|100%| O|  |TAMS 0x0000000085a00000| PB 0x0000000085a00000| Untracked |  0
|   3|0x0000000085b00000, 0x0000000085c00000, 0x0000000085c00000|100%| O|  |TAMS 0x0000000085b00000| PB 0x0000000085b00000| Untracked |  0
|   4|0x0000000085c00000, 0x0000000085d00000, 0x0000000085d00000|100%| O|  |TAMS 0x0000000085c00000| PB 0x0000000085c00000| Untracked |  0
|   5|0x0000000085d00000, 0x0000000085d00000, 0x0000000085e00000|  0%| F|  |TAMS 0x0000000085d00000| PB 0x0000000085d00000| Untracked |  0
|   6|0x0000000085e00000, 0x0000000085f00000, 0x0000000085f00000|100%| O|  |TAMS 0x0000000085e00000| PB 0x0000000085e00000| Untracked |  0
|   7|0x0000000085f00000, 0x0000000086000000, 0x0000000086000000|100%| O|  |TAMS 0x0000000085f00000| PB 0x0000000085f00000| Untracked |  0
|   8|0x0000000086000000, 0x0000000086060510, 0x0000000086100000| 37%| O|  |TAMS 0x0000000086000000| PB 0x0000000086000000| Untracked |  0
|   9|0x0000000086100000, 0x0000000086200000, 0x0000000086200000|100%| O|  |TAMS 0x0000000086100000| PB 0x0000000086100000| Untracked |  0
|  10|0x0000000086200000, 0x0000000086300000, 0x0000000086300000|100%| O|  |TAMS 0x0000000086200000| PB 0x0000000086200000| Untracked |  0
|  11|0x0000000086300000, 0x0000000086400000, 0x0000000086400000|100%| O|  |TAMS 0x0000000086300000| PB 0x0000000086300000| Untracked |  0
|  12|0x0000000086400000, 0x0000000086500000, 0x0000000086500000|100%| O|  |TAMS 0x0000000086400000| PB 0x0000000086400000| Untracked |  0
|  13|0x0000000086500000, 0x0000000086600000, 0x0000000086600000|100%| O|  |TAMS 0x0000000086500000| PB 0x0000000086500000| Untracked |  0
|  14|0x0000000086600000, 0x0000000086700000, 0x0000000086700000|100%| O|  |TAMS 0x0000000086600000| PB 0x0000000086600000| Untracked |  0
|  15|0x0000000086700000, 0x0000000086800000, 0x0000000086800000|100%| O|  |TAMS 0x0000000086700000| PB 0x0000000086700000| Untracked |  0
|  16|0x0000000086800000, 0x0000000086900000, 0x0000000086900000|100%| O|  |TAMS 0x0000000086800000| PB 0x0000000086800000| Untracked |  0
|  17|0x0000000086900000, 0x0000000086a00000, 0x0000000086a00000|100%| O|  |TAMS 0x0000000086900000| PB 0x0000000086900000| Untracked |  0
|  18|0x0000000086a00000, 0x0000000086b00000, 0x0000000086b00000|100%| O|  |TAMS 0x0000000086a00000| PB 0x0000000086a00000| Untracked |  0
|  19|0x0000000086b00000, 0x0000000086c00000, 0x0000000086c00000|100%| O|  |TAMS 0x0000000086b00000| PB 0x0000000086b00000| Untracked |  0
|  20|0x0000000086c00000, 0x0000000086d00000, 0x0000000086d00000|100%| O|  |TAMS 0x0000000086c00000| PB 0x0000000086c00000| Untracked |  0
|  21|0x0000000086d00000, 0x0000000086e00000, 0x0000000086e00000|100%| O|  |TAMS 0x0000000086d00000| PB 0x0000000086d00000| Untracked |  0
|  22|0x0000000086e00000, 0x0000000086f00000, 0x0000000086f00000|100%| O|  |TAMS 0x0000000086e00000| PB 0x0000000086e00000| Untracked |  0
|  23|0x0000000086f00000, 0x0000000087000000, 0x0000000087000000|100%| O|  |TAMS 0x0000000086f00000| PB 0x0000000086f00000| Untracked |  0
|  24|0x0000000087000000, 0x0000000087100000, 0x0000000087100000|100%| O|  |TAMS 0x0000000087000000| PB 0x0000000087000000| Untracked |  0
|  25|0x0000000087100000, 0x0000000087200000, 0x0000000087200000|100%| O|  |TAMS 0x0000000087100000| PB 0x0000000087100000| Untracked |  0
|  26|0x0000000087200000, 0x0000000087300000, 0x0000000087300000|100%| O|  |TAMS 0x0000000087200000| PB 0x0000000087200000| Untracked |  0
|  27|0x0000000087300000, 0x0000000087400000, 0x0000000087400000|100%| O|  |TAMS 0x0000000087300000| PB 0x0000000087300000| Untracked |  0
|  28|0x0000000087400000, 0x0000000087500000, 0x0000000087500000|100%| O|  |TAMS 0x0000000087400000| PB 0x0000000087400000| Untracked |  0
|  29|0x0000000087500000, 0x0000000087600000, 0x0000000087600000|100%| O|  |TAMS 0x0000000087500000| PB 0x0000000087500000| Untracked |  0
|  30|0x0000000087600000, 0x0000000087700000, 0x0000000087700000|100%| O|  |TAMS 0x0000000087600000| PB 0x0000000087600000| Untracked |  0
|  31|0x0000000087700000, 0x0000000087800000, 0x0000000087800000|100%| O|  |TAMS 0x0000000087700000| PB 0x0000000087700000| Untracked |  0
|  32|0x0000000087800000, 0x0000000087900000, 0x0000000087900000|100%| O|  |TAMS 0x0000000087800000| PB 0x0000000087800000| Untracked |  0
|  33|0x0000000087900000, 0x0000000087a00000, 0x0000000087a00000|100%| O|  |TAMS 0x0000000087900000| PB 0x0000000087900000| Untracked |  0
|  34|0x0000000087a00000, 0x0000000087b00000, 0x0000000087b00000|100%| O|  |TAMS 0x0000000087a00000| PB 0x0000000087a00000| Untracked |  0
|  35|0x0000000087b00000, 0x0000000087c00000, 0x0000000087c00000|100%| O|  |TAMS 0x0000000087b00000| PB 0x0000000087b00000| Untracked |  0
|  36|0x0000000087c00000, 0x0000000087c00000, 0x0000000087d00000|  0%| F|  |TAMS 0x0000000087c00000| PB 0x0000000087c00000| Untracked |  0
|  37|0x0000000087d00000, 0x0000000087d00000, 0x0000000087e00000|  0%| F|  |TAMS 0x0000000087d00000| PB 0x0000000087d00000| Untracked |  0
|  38|0x0000000087e00000, 0x0000000087e00000, 0x0000000087f00000|  0%| F|  |TAMS 0x0000000087e00000| PB 0x0000000087e00000| Untracked |  0
|  39|0x0000000087f00000, 0x0000000087f00000, 0x0000000088000000|  0%| F|  |TAMS 0x0000000087f00000| PB 0x0000000087f00000| Untracked |  0
|  40|0x0000000088000000, 0x0000000088000000, 0x0000000088100000|  0%| F|  |TAMS 0x0000000088000000| PB 0x0000000088000000| Untracked |  0
|  41|0x0000000088100000, 0x0000000088116690, 0x0000000088200000|  8%| S|CS|TAMS 0x0000000088100000| PB 0x0000000088100000| Complete |  0
|  42|0x0000000088200000, 0x0000000088200000, 0x0000000088300000|  0%| F|  |TAMS 0x0000000088200000| PB 0x0000000088200000| Untracked |  0
|  43|0x0000000088300000, 0x0000000088300000, 0x0000000088400000|  0%| F|  |TAMS 0x0000000088300000| PB 0x0000000088300000| Untracked |  0
|  44|0x0000000088400000, 0x0000000088400000, 0x0000000088500000|  0%| F|  |TAMS 0x0000000088400000| PB 0x0000000088400000| Untracked |  0
|  45|0x0000000088500000, 0x0000000088500000, 0x0000000088600000|  0%| F|  |TAMS 0x0000000088500000| PB 0x0000000088500000| Untracked |  0
|  46|0x0000000088600000, 0x0000000088600000, 0x0000000088700000|  0%| F|  |TAMS 0x0000000088600000| PB 0x0000000088600000| Untracked |  0
|  47|0x0000000088700000, 0x0000000088700000, 0x0000000088800000|  0%| F|  |TAMS 0x0000000088700000| PB 0x0000000088700000| Untracked |  0
|  48|0x0000000088800000, 0x000000008885d3d8, 0x0000000088900000| 36%| E|  |TAMS 0x0000000088800000| PB 0x0000000088800000| Complete |  0
|  49|0x0000000088900000, 0x0000000088a00000, 0x0000000088a00000|100%| E|CS|TAMS 0x0000000088900000| PB 0x0000000088900000| Complete |  0
|  50|0x0000000088a00000, 0x0000000088b00000, 0x0000000088b00000|100%| E|CS|TAMS 0x0000000088a00000| PB 0x0000000088a00000| Complete |  0
|  51|0x0000000088b00000, 0x0000000088c00000, 0x0000000088c00000|100%| E|CS|TAMS 0x0000000088b00000| PB 0x0000000088b00000| Complete |  0
|  52|0x0000000088c00000, 0x0000000088d00000, 0x0000000088d00000|100%| E|CS|TAMS 0x0000000088c00000| PB 0x0000000088c00000| Complete |  0
|  53|0x0000000088d00000, 0x0000000088e00000, 0x0000000088e00000|100%| E|CS|TAMS 0x0000000088d00000| PB 0x0000000088d00000| Complete |  0
|  54|0x0000000088e00000, 0x0000000088f00000, 0x0000000088f00000|100%| E|CS|TAMS 0x0000000088e00000| PB 0x0000000088e00000| Complete |  0
|  55|0x0000000088f00000, 0x0000000089000000, 0x0000000089000000|100%| E|CS|TAMS 0x0000000088f00000| PB 0x0000000088f00000| Complete |  0
|  56|0x0000000089000000, 0x0000000089100000, 0x0000000089100000|100%| E|CS|TAMS 0x0000000089000000| PB 0x0000000089000000| Complete |  0
|  57|0x0000000089100000, 0x0000000089200000, 0x0000000089200000|100%| E|CS|TAMS 0x0000000089100000| PB 0x0000000089100000| Complete |  0
|  58|0x0000000089200000, 0x0000000089300000, 0x0000000089300000|100%| E|CS|TAMS 0x0000000089200000| PB 0x0000000089200000| Complete |  0
|  59|0x0000000089300000, 0x0000000089400000, 0x0000000089400000|100%| E|CS|TAMS 0x0000000089300000| PB 0x0000000089300000| Complete |  0
|  60|0x0000000089400000, 0x0000000089500000, 0x0000000089500000|100%| E|CS|TAMS 0x0000000089400000| PB 0x0000000089400000| Complete |  0
|  61|0x0000000089500000, 0x0000000089600000, 0x0000000089600000|100%| E|CS|TAMS 0x0000000089500000| PB 0x0000000089500000| Complete |  0
|  62|0x0000000089600000, 0x0000000089700000, 0x0000000089700000|100%| E|CS|TAMS 0x0000000089600000| PB 0x0000000089600000| Complete |  0
|  63|0x0000000089700000, 0x0000000089800000, 0x0000000089800000|100%| E|CS|TAMS 0x0000000089700000| PB 0x0000000089700000| Complete |  0
|  64|0x0000000089800000, 0x0000000089900000, 0x0000000089900000|100%| E|CS|TAMS 0x0000000089800000| PB 0x0000000089800000| Complete |  0
|  65|0x0000000089900000, 0x0000000089a00000, 0x0000000089a00000|100%| E|CS|TAMS 0x0000000089900000| PB 0x0000000089900000| Complete |  0
|  66|0x0000000089a00000, 0x0000000089b00000, 0x0000000089b00000|100%| E|CS|TAMS 0x0000000089a00000| PB 0x0000000089a00000| Complete |  0
|  67|0x0000000089b00000, 0x0000000089c00000, 0x0000000089c00000|100%| E|CS|TAMS 0x0000000089b00000| PB 0x0000000089b00000| Complete |  0
|  68|0x0000000089c00000, 0x0000000089d00000, 0x0000000089d00000|100%| E|CS|TAMS 0x0000000089c00000| PB 0x0000000089c00000| Complete |  0
|  69|0x0000000089d00000, 0x0000000089e00000, 0x0000000089e00000|100%| E|CS|TAMS 0x0000000089d00000| PB 0x0000000089d00000| Complete |  0
|  78|0x000000008a600000, 0x000000008a700000, 0x000000008a700000|100%| E|CS|TAMS 0x000000008a600000| PB 0x000000008a600000| Complete |  0
|  79|0x000000008a700000, 0x000000008a800000, 0x000000008a800000|100%| E|CS|TAMS 0x000000008a700000| PB 0x000000008a700000| Complete |  0
|  80|0x000000008a800000, 0x000000008a900000, 0x000000008a900000|100%| E|CS|TAMS 0x000000008a800000| PB 0x000000008a800000| Complete |  0
|  81|0x000000008a900000, 0x000000008aa00000, 0x000000008aa00000|100%| E|CS|TAMS 0x000000008a900000| PB 0x000000008a900000| Complete |  0
|  82|0x000000008aa00000, 0x000000008ab00000, 0x000000008ab00000|100%| E|CS|TAMS 0x000000008aa00000| PB 0x000000008aa00000| Complete |  0
|  83|0x000000008ab00000, 0x000000008ac00000, 0x000000008ac00000|100%| E|CS|TAMS 0x000000008ab00000| PB 0x000000008ab00000| Complete |  0
|  84|0x000000008ac00000, 0x000000008ad00000, 0x000000008ad00000|100%| E|CS|TAMS 0x000000008ac00000| PB 0x000000008ac00000| Complete |  0
|  89|0x000000008b100000, 0x000000008b200000, 0x000000008b200000|100%| E|CS|TAMS 0x000000008b100000| PB 0x000000008b100000| Complete |  0

Card table byte_map: [0x000001f3df710000,0x000001f3dfaf0000] _byte_map_base: 0x000001f3df2e4000

Marking Bits: (CMBitMap*) 0x000001f3c80843c0
 Bits: [0x000001f3dfaf0000, 0x000001f3e1990000)

Polling page: 0x000001f3c5bb0000

Metaspace:

Usage:
  Non-class:     72.74 MB used.
      Class:     10.99 MB used.
       Both:     83.73 MB used.

Virtual space:
  Non-class space:      128.00 MB reserved,      73.06 MB ( 57%) committed,  2 nodes.
      Class space:        1.00 GB reserved,      11.31 MB (  1%) committed,  1 nodes.
             Both:        1.12 GB reserved,      84.38 MB (  7%) committed. 

Chunk freelists:
   Non-Class:  6.89 MB
       Class:  4.60 MB
        Both:  11.50 MB

MaxMetaspaceSize: unlimited
CompressedClassSpaceSize: 1.00 GB
Initial GC threshold: 21.00 MB
Current GC threshold: 140.62 MB
CDS: on
 - commit_granule_bytes: 65536.
 - commit_granule_words: 8192.
 - virtual_space_node_default_size: 8388608.
 - enlarge_chunks_in_place: 1.
 - use_allocation_guard: 0.


Internal statistics:

num_allocs_failed_limit: 12.
num_arena_births: 1232.
num_arena_deaths: 386.
num_vsnodes_births: 3.
num_vsnodes_deaths: 0.
num_space_committed: 1350.
num_space_uncommitted: 0.
num_chunks_returned_to_freelist: 460.
num_chunks_taken_from_freelist: 4538.
num_chunk_merges: 119.
num_chunk_splits: 3020.
num_chunks_enlarged: 2325.
num_inconsistent_stats: 0.

CodeHeap 'non-profiled nmethods': size=120000Kb used=9221Kb max_used=9221Kb free=110779Kb
 bounds [0x000001f3d7e00000, 0x000001f3d8790000, 0x000001f3df330000]
CodeHeap 'profiled nmethods': size=120000Kb used=3041Kb max_used=17580Kb free=116959Kb
 bounds [0x000001f3d0330000, 0x000001f3d1460000, 0x000001f3d7860000]
CodeHeap 'non-nmethods': size=5760Kb used=2027Kb max_used=2093Kb free=3732Kb
 bounds [0x000001f3d7860000, 0x000001f3d7ad0000, 0x000001f3d7e00000]
 total_blobs=3635 nmethods=2838 adapters=700
 compilation: enabled
              stopped_count=0, restarted_count=0
 full_count=0

Compilation events (20 events):
Event: 6655.633 Thread 0x000001f3e3ea35c0 nmethod 16989 0x000001f3d7e81b10 code [0x000001f3d7e81d20, 0x000001f3d7e82208]
Event: 6655.633 Thread 0x000001f3e3ea35c0 16990       4       org.hibernate.query.sqm.sql.BaseSqmToSqlAstConverter::getInferredValueMapping (37 bytes)
Event: 6655.635 Thread 0x000001f3e3ea35c0 nmethod 16990 0x000001f3d8329f90 code [0x000001f3d832a120, 0x000001f3d832a2a0]
Event: 6655.635 Thread 0x000001f3e3ea35c0 16991       4       org.hibernate.query.sqm.sql.BaseSqmToSqlAstConverter::resolveInferredType (48 bytes)
Event: 6655.636 Thread 0x000001f3e3ea35c0 nmethod 16991 0x000001f3d8335790 code [0x000001f3d8335920, 0x000001f3d8335aa0]
Event: 6655.636 Thread 0x000001f3e3ea35c0 16992       4       org.hibernate.query.sqm.sql.BaseSqmToSqlAstConverter$$Lambda/0x000001f381b22280::get (4 bytes)
Event: 6655.636 Thread 0x000001f3e3ea35c0 nmethod 16992 0x000001f3d7fb8b90 code [0x000001f3d7fb8d00, 0x000001f3d7fb8d88]
Event: 6655.636 Thread 0x000001f3e3ea35c0 16993       4       org.hibernate.query.sqm.tree.expression.SqmJpaCriteriaParameterWrapper::getAnticipatedType (5 bytes)
Event: 6655.636 Thread 0x000001f3e3ea35c0 nmethod 16993 0x000001f3d7fd7e90 code [0x000001f3d7fd8000, 0x000001f3d7fd8090]
Event: 6655.636 Thread 0x000001f3e3ea35c0 16994   !   4       org.hibernate.query.sqm.sql.BaseSqmToSqlAstConverter::determineValueMapping (402 bytes)
Event: 6655.642 Thread 0x000001f3e3ea35c0 nmethod 16994 0x000001f3d8238210 code [0x000001f3d8238440, 0x000001f3d8238aa8]
Event: 6655.643 Thread 0x000001f3e3ea35c0 16995       4       org.hibernate.sql.ast.tree.select.QueryPart::setFetchClauseExpression (44 bytes)
Event: 6655.644 Thread 0x000001f3e3ea35c0 nmethod 16995 0x000001f3d8340e10 code [0x000001f3d8340fa0, 0x000001f3d8341190]
Event: 6655.698 Thread 0x000001f3e3ea35c0 16996       4       org.apache.tomcat.util.threads.ThreadPoolExecutor::runStateAtLeast (11 bytes)
Event: 6655.698 Thread 0x000001f3e3ea35c0 nmethod 16996 0x000001f3d7ff8d10 code [0x000001f3d7ff8e80, 0x000001f3d7ff8f08]
Event: 6656.318 Thread 0x000001f3e3ea35c0 16997       4       java.nio.channels.spi.AbstractSelectableChannel::findKey (81 bytes)
Event: 6656.319 Thread 0x000001f3e3ea35c0 nmethod 16997 0x000001f3d8341710 code [0x000001f3d83418a0, 0x000001f3d83419a0]
Event: 6656.479 Thread 0x000001f3e3ea35c0 16998       4       sun.nio.ch.SelectorImpl::processReadyEvents (115 bytes)
Event: 6656.489 Thread 0x000001f3e3ea35c0 nmethod 16998 0x000001f3d7f4ff10 code [0x000001f3d7f50140, 0x000001f3d7f509e8]
Event: 6656.935 Thread 0x000001f3e3ea35c0 16999   !   4       org.springframework.core.annotation.AnnotationsScanner::processMethodHierarchy (276 bytes)

GC Heap History (20 events):
Event: 6636.914 GC heap before
{Heap before GC invocations=118 (full 0):
 garbage-first heap   total reserved 2007040K, committed 79872K, used 71073K [0x0000000085800000, 0x0000000100000000)
  region size 1024K, 37 young (37888K), 1 survivors (1024K)
 Metaspace       used 85724K, committed 86400K, reserved 1179648K
  class space    used 11250K, committed 11584K, reserved 1048576K
}
Event: 6636.918 GC heap after
{Heap after GC invocations=119 (full 0):
 garbage-first heap   total reserved 2007040K, committed 79872K, used 35259K [0x0000000085800000, 0x0000000100000000)
  region size 1024K, 1 young (1024K), 1 survivors (1024K)
 Metaspace       used 85724K, committed 86400K, reserved 1179648K
  class space    used 11250K, committed 11584K, reserved 1048576K
}
Event: 6639.539 GC heap before
{Heap before GC invocations=120 (full 0):
 garbage-first heap   total reserved 2007040K, committed 79872K, used 71099K [0x0000000085800000, 0x0000000100000000)
  region size 1024K, 37 young (37888K), 1 survivors (1024K)
 Metaspace       used 85724K, committed 86400K, reserved 1179648K
  class space    used 11250K, committed 11584K, reserved 1048576K
}
Event: 6639.541 GC heap after
{Heap after GC invocations=121 (full 0):
 garbage-first heap   total reserved 2007040K, committed 79872K, used 35234K [0x0000000085800000, 0x0000000100000000)
  region size 1024K, 1 young (1024K), 1 survivors (1024K)
 Metaspace       used 85724K, committed 86400K, reserved 1179648K
  class space    used 11250K, committed 11584K, reserved 1048576K
}
Event: 6641.277 GC heap before
{Heap before GC invocations=121 (full 0):
 garbage-first heap   total reserved 2007040K, committed 79872K, used 71074K [0x0000000085800000, 0x0000000100000000)
  region size 1024K, 37 young (37888K), 1 survivors (1024K)
 Metaspace       used 85725K, committed 86400K, reserved 1179648K
  class space    used 11250K, committed 11584K, reserved 1048576K
}
Event: 6641.279 GC heap after
{Heap after GC invocations=122 (full 0):
 garbage-first heap   total reserved 2007040K, committed 79872K, used 35261K [0x0000000085800000, 0x0000000100000000)
  region size 1024K, 1 young (1024K), 1 survivors (1024K)
 Metaspace       used 85725K, committed 86400K, reserved 1179648K
  class space    used 11250K, committed 11584K, reserved 1048576K
}
Event: 6642.912 GC heap before
{Heap before GC invocations=123 (full 0):
 garbage-first heap   total reserved 2007040K, committed 79872K, used 71101K [0x0000000085800000, 0x0000000100000000)
  region size 1024K, 37 young (37888K), 1 survivors (1024K)
 Metaspace       used 85725K, committed 86400K, reserved 1179648K
  class space    used 11250K, committed 11584K, reserved 1048576K
}
Event: 6642.913 GC heap after
{Heap after GC invocations=124 (full 0):
 garbage-first heap   total reserved 2007040K, committed 79872K, used 35275K [0x0000000085800000, 0x0000000100000000)
  region size 1024K, 1 young (1024K), 1 survivors (1024K)
 Metaspace       used 85725K, committed 86400K, reserved 1179648K
  class space    used 11250K, committed 11584K, reserved 1048576K
}
Event: 6645.752 GC heap before
{Heap before GC invocations=124 (full 0):
 garbage-first heap   total reserved 2007040K, committed 79872K, used 72139K [0x0000000085800000, 0x0000000100000000)
  region size 1024K, 37 young (37888K), 1 survivors (1024K)
 Metaspace       used 85727K, committed 86400K, reserved 1179648K
  class space    used 11251K, committed 11584K, reserved 1048576K
}
Event: 6645.754 GC heap after
{Heap after GC invocations=125 (full 0):
 garbage-first heap   total reserved 2007040K, committed 79872K, used 35260K [0x0000000085800000, 0x0000000100000000)
  region size 1024K, 1 young (1024K), 1 survivors (1024K)
 Metaspace       used 85727K, committed 86400K, reserved 1179648K
  class space    used 11251K, committed 11584K, reserved 1048576K
}
Event: 6648.632 GC heap before
{Heap before GC invocations=126 (full 0):
 garbage-first heap   total reserved 2007040K, committed 79872K, used 71100K [0x0000000085800000, 0x0000000100000000)
  region size 1024K, 37 young (37888K), 1 survivors (1024K)
 Metaspace       used 85727K, committed 86400K, reserved 1179648K
  class space    used 11251K, committed 11584K, reserved 1048576K
}
Event: 6648.633 GC heap after
{Heap after GC invocations=127 (full 0):
 garbage-first heap   total reserved 2007040K, committed 79872K, used 35310K [0x0000000085800000, 0x0000000100000000)
  region size 1024K, 1 young (1024K), 1 survivors (1024K)
 Metaspace       used 85727K, committed 86400K, reserved 1179648K
  class space    used 11251K, committed 11584K, reserved 1048576K
}
Event: 6651.238 GC heap before
{Heap before GC invocations=127 (full 0):
 garbage-first heap   total reserved 2007040K, committed 79872K, used 71150K [0x0000000085800000, 0x0000000100000000)
  region size 1024K, 37 young (37888K), 1 survivors (1024K)
 Metaspace       used 85727K, committed 86400K, reserved 1179648K
  class space    used 11251K, committed 11584K, reserved 1048576K
}
Event: 6651.240 GC heap after
{Heap after GC invocations=128 (full 0):
 garbage-first heap   total reserved 2007040K, committed 79872K, used 35296K [0x0000000085800000, 0x0000000100000000)
  region size 1024K, 1 young (1024K), 1 survivors (1024K)
 Metaspace       used 85727K, committed 86400K, reserved 1179648K
  class space    used 11251K, committed 11584K, reserved 1048576K
}
Event: 6652.804 GC heap before
{Heap before GC invocations=129 (full 0):
 garbage-first heap   total reserved 2007040K, committed 79872K, used 71136K [0x0000000085800000, 0x0000000100000000)
  region size 1024K, 37 young (37888K), 1 survivors (1024K)
 Metaspace       used 85736K, committed 86400K, reserved 1179648K
  class space    used 11252K, committed 11584K, reserved 1048576K
}
Event: 6652.805 GC heap after
{Heap after GC invocations=130 (full 0):
 garbage-first heap   total reserved 2007040K, committed 79872K, used 35306K [0x0000000085800000, 0x0000000100000000)
  region size 1024K, 1 young (1024K), 1 survivors (1024K)
 Metaspace       used 85736K, committed 86400K, reserved 1179648K
  class space    used 11252K, committed 11584K, reserved 1048576K
}
Event: 6654.512 GC heap before
{Heap before GC invocations=130 (full 0):
 garbage-first heap   total reserved 2007040K, committed 79872K, used 71146K [0x0000000085800000, 0x0000000100000000)
  region size 1024K, 37 young (37888K), 1 survivors (1024K)
 Metaspace       used 85736K, committed 86400K, reserved 1179648K
  class space    used 11252K, committed 11584K, reserved 1048576K
}
Event: 6654.513 GC heap after
{Heap after GC invocations=131 (full 0):
 garbage-first heap   total reserved 2007040K, committed 79872K, used 35332K [0x0000000085800000, 0x0000000100000000)
  region size 1024K, 1 young (1024K), 1 survivors (1024K)
 Metaspace       used 85736K, committed 86400K, reserved 1179648K
  class space    used 11252K, committed 11584K, reserved 1048576K
}
Event: 6656.189 GC heap before
{Heap before GC invocations=132 (full 0):
 garbage-first heap   total reserved 2007040K, committed 79872K, used 71172K [0x0000000085800000, 0x0000000100000000)
  region size 1024K, 37 young (37888K), 1 survivors (1024K)
 Metaspace       used 85736K, committed 86400K, reserved 1179648K
  class space    used 11252K, committed 11584K, reserved 1048576K
}
Event: 6656.190 GC heap after
{Heap after GC invocations=133 (full 0):
 garbage-first heap   total reserved 2007040K, committed 79872K, used 35290K [0x0000000085800000, 0x0000000100000000)
  region size 1024K, 1 young (1024K), 1 survivors (1024K)
 Metaspace       used 85736K, committed 86400K, reserved 1179648K
  class space    used 11252K, committed 11584K, reserved 1048576K
}

Dll operation events (15 events):
Event: 0.016 Loaded shared library C:\Users\SUNDAR\.jdks\openjdk-22\bin\java.dll
Event: 0.053 Loaded shared library C:\Users\SUNDAR\.jdks\openjdk-22\bin\jsvml.dll
Event: 0.202 Loaded shared library C:\Users\SUNDAR\.jdks\openjdk-22\bin\zip.dll
Event: 0.209 Loaded shared library C:\Users\SUNDAR\.jdks\openjdk-22\bin\instrument.dll
Event: 0.216 Loaded shared library C:\Users\SUNDAR\.jdks\openjdk-22\bin\net.dll
Event: 0.219 Loaded shared library C:\Users\SUNDAR\.jdks\openjdk-22\bin\nio.dll
Event: 0.224 Loaded shared library C:\Users\SUNDAR\.jdks\openjdk-22\bin\zip.dll
Event: 0.405 Loaded shared library C:\Program Files\JetBrains\IntelliJ IDEA Community Edition 2023.3.6\bin\breakgen64.dll
Event: 0.421 Loaded shared library C:\Users\SUNDAR\.jdks\openjdk-22\bin\extnet.dll
Event: 0.460 Loaded shared library C:\Users\SUNDAR\.jdks\openjdk-22\bin\jimage.dll
Event: 0.912 Loaded shared library C:\Users\SUNDAR\.jdks\openjdk-22\bin\management.dll
Event: 0.916 Loaded shared library C:\Users\SUNDAR\.jdks\openjdk-22\bin\management_ext.dll
Event: 1.489 Loaded shared library C:\Users\SUNDAR\.jdks\openjdk-22\bin\le.dll
Event: 2.100 Loaded shared library C:\Users\SUNDAR\.jdks\openjdk-22\bin\sunmscapi.dll
Event: 5.705 Loaded shared library C:\Users\SUNDAR\.jdks\openjdk-22\bin\verify.dll

Deoptimization events (20 events):
Event: 6603.129 Thread 0x000001f3e87807f0 Uncommon trap: trap_request=0xffffffd6 fr.pc=0x000001f3d7e5ff0c relative=0x000000000000016c
Event: 6603.129 Thread 0x000001f3e87807f0 Uncommon trap: reason=array_check action=maybe_recompile pc=0x000001f3d7e5ff0c method=org.hibernate.sql.exec.spi.JdbcParametersList$Builder.add(Lorg/hibernate/sql/ast/tree/expression/JdbcParameter;)V @ 70 c2
Event: 6603.129 Thread 0x000001f3e87807f0 DEOPT PACKING pc=0x000001f3d7e5ff0c sp=0x000000540b5faa40
Event: 6603.129 Thread 0x000001f3e87807f0 DEOPT UNPACKING pc=0x000001f3d78b7da2 sp=0x000000540b5fa9e0 mode 2
Event: 6640.826 Thread 0x000001f3e5262800 Uncommon trap: trap_request=0xffffffd6 fr.pc=0x000001f3d7e320c8 relative=0x00000000000001a8
Event: 6640.826 Thread 0x000001f3e5262800 Uncommon trap: reason=array_check action=maybe_recompile pc=0x000001f3d7e320c8 method=org.apache.coyote.http11.Http11InputBuffer.addActiveFilter(Lorg/apache/coyote/http11/InputFilter;)V @ 79 c2
Event: 6640.826 Thread 0x000001f3e5262800 DEOPT PACKING pc=0x000001f3d7e320c8 sp=0x000000540affed50
Event: 6640.826 Thread 0x000001f3e5262800 DEOPT UNPACKING pc=0x000001f3d78b7da2 sp=0x000000540affecf8 mode 2
Event: 6640.854 Thread 0x000001f3e8780160 Uncommon trap: trap_request=0xffffffd6 fr.pc=0x000001f3d7e320c8 relative=0x00000000000001a8
Event: 6640.854 Thread 0x000001f3e8780160 Uncommon trap: reason=array_check action=maybe_recompile pc=0x000001f3d7e320c8 method=org.apache.coyote.http11.Http11InputBuffer.addActiveFilter(Lorg/apache/coyote/http11/InputFilter;)V @ 79 c2
Event: 6640.854 Thread 0x000001f3e8780160 DEOPT PACKING pc=0x000001f3d7e320c8 sp=0x000000540b3fea00
Event: 6640.854 Thread 0x000001f3e8780160 DEOPT UNPACKING pc=0x000001f3d78b7da2 sp=0x000000540b3fe9a8 mode 2
Event: 6640.878 Thread 0x000001f3e87807f0 Uncommon trap: trap_request=0xffffffd6 fr.pc=0x000001f3d7e320c8 relative=0x00000000000001a8
Event: 6640.878 Thread 0x000001f3e87807f0 Uncommon trap: reason=array_check action=maybe_recompile pc=0x000001f3d7e320c8 method=org.apache.coyote.http11.Http11InputBuffer.addActiveFilter(Lorg/apache/coyote/http11/InputFilter;)V @ 79 c2
Event: 6640.878 Thread 0x000001f3e87807f0 DEOPT PACKING pc=0x000001f3d7e320c8 sp=0x000000540b5fefd0
Event: 6640.878 Thread 0x000001f3e87807f0 DEOPT UNPACKING pc=0x000001f3d78b7da2 sp=0x000000540b5fef78 mode 2
Event: 6640.901 Thread 0x000001f3e877fad0 Uncommon trap: trap_request=0xffffffd6 fr.pc=0x000001f3d7e320c8 relative=0x00000000000001a8
Event: 6640.901 Thread 0x000001f3e877fad0 Uncommon trap: reason=array_check action=maybe_recompile pc=0x000001f3d7e320c8 method=org.apache.coyote.http11.Http11InputBuffer.addActiveFilter(Lorg/apache/coyote/http11/InputFilter;)V @ 79 c2
Event: 6640.901 Thread 0x000001f3e877fad0 DEOPT PACKING pc=0x000001f3d7e320c8 sp=0x000000540b2ff060
Event: 6640.901 Thread 0x000001f3e877fad0 DEOPT UNPACKING pc=0x000001f3d78b7da2 sp=0x000000540b2ff008 mode 2

Classes loaded (20 events):
Event: 358.356 Loading class org/w3c/dom/Node
Event: 358.358 Loading class org/w3c/dom/Node done
Event: 358.358 Loading class org/w3c/dom/Document
Event: 358.360 Loading class org/w3c/dom/Document done
Event: 358.833 Loading class com/sun/crypto/provider/HmacCore$HmacSHA512
Event: 358.833 Loading class com/sun/crypto/provider/HmacCore$HmacSHA512 done
Event: 359.146 Loading class jdk/internal/reflect/MethodHandleBooleanFieldAccessorImpl
Event: 359.146 Loading class jdk/internal/reflect/MethodHandleBooleanFieldAccessorImpl done
Event: 1765.005 Loading class sun/security/ssl/Alert
Event: 1765.075 Loading class sun/security/ssl/Alert done
Event: 1765.089 Loading class sun/security/ssl/Alert$AlertConsumer
Event: 1765.182 Loading class sun/security/ssl/Alert$AlertConsumer done
Event: 1765.182 Loading class sun/security/ssl/Alert$Level
Event: 1765.189 Loading class sun/security/ssl/Alert$Level done
Event: 1765.192 Loading class sun/net/ConnectionResetException
Event: 1765.195 Loading class sun/net/ConnectionResetException done
Event: 4721.572 Loading class java/util/ArrayList$SubList$2
Event: 4721.576 Loading class java/util/ArrayList$SubList$2 done
Event: 6564.053 Loading class sun/util/locale/LocaleExtensions
Event: 6564.058 Loading class sun/util/locale/LocaleExtensions done

Classes unloaded (20 events):
Event: 2473.661 Thread 0x000001f3e3e750e0 Unloading class 0x000001f38101a400 'java/lang/invoke/LambdaForm$MH+0x000001f38101a400'
Event: 2473.661 Thread 0x000001f3e3e750e0 Unloading class 0x000001f381019400 'java/lang/invoke/LambdaForm$MH+0x000001f381019400'
Event: 2473.661 Thread 0x000001f3e3e750e0 Unloading class 0x000001f381018800 'java/lang/invoke/LambdaForm$MH+0x000001f381018800'
Event: 2473.661 Thread 0x000001f3e3e750e0 Unloading class 0x000001f381018400 'java/lang/invoke/LambdaForm$MH+0x000001f381018400'
Event: 2473.661 Thread 0x000001f3e3e750e0 Unloading class 0x000001f381017c00 'java/lang/invoke/LambdaForm$MH+0x000001f381017c00'
Event: 2473.661 Thread 0x000001f3e3e750e0 Unloading class 0x000001f381017800 'java/lang/invoke/LambdaForm$MH+0x000001f381017800'
Event: 2473.661 Thread 0x000001f3e3e750e0 Unloading class 0x000001f381017400 'java/lang/invoke/LambdaForm$MH+0x000001f381017400'
Event: 2473.661 Thread 0x000001f3e3e750e0 Unloading class 0x000001f381016400 'java/lang/invoke/LambdaForm$MH+0x000001f381016400'
Event: 2473.661 Thread 0x000001f3e3e750e0 Unloading class 0x000001f381015400 'java/lang/invoke/LambdaForm$MH+0x000001f381015400'
Event: 2473.662 Thread 0x000001f3e3e750e0 Unloading class 0x000001f381014c00 'java/lang/invoke/LambdaForm$MH+0x000001f381014c00'
Event: 2473.662 Thread 0x000001f3e3e750e0 Unloading class 0x000001f381014400 'java/lang/invoke/LambdaForm$MH+0x000001f381014400'
Event: 2473.662 Thread 0x000001f3e3e750e0 Unloading class 0x000001f381014000 'java/lang/invoke/LambdaForm$MH+0x000001f381014000'
Event: 2473.662 Thread 0x000001f3e3e750e0 Unloading class 0x000001f381002400 'java/lang/invoke/LambdaForm$MH+0x000001f381002400'
Event: 2473.662 Thread 0x000001f3e3e750e0 Unloading class 0x000001f381002000 'java/lang/invoke/LambdaForm$MH+0x000001f381002000'
Event: 2473.662 Thread 0x000001f3e3e750e0 Unloading class 0x000001f381001c00 'java/lang/invoke/LambdaForm$MH+0x000001f381001c00'
Event: 2473.662 Thread 0x000001f3e3e750e0 Unloading class 0x000001f381001400 'java/lang/invoke/LambdaForm$MH+0x000001f381001400'
Event: 6561.379 Thread 0x000001f3e3e750e0 Unloading class 0x000001f381a1c800 'java/lang/invoke/LambdaForm$MH+0x000001f381a1c800'
Event: 6561.382 Thread 0x000001f3e3e750e0 Unloading class 0x000001f381a54000 'java/lang/invoke/LambdaForm$MH+0x000001f381a54000'
Event: 6561.382 Thread 0x000001f3e3e750e0 Unloading class 0x000001f381a54800 'java/lang/invoke/LambdaForm$MH+0x000001f381a54800'
Event: 6561.382 Thread 0x000001f3e3e750e0 Unloading class 0x000001f381a55c00 'java/lang/invoke/LambdaForm$MH+0x000001f381a55c00'

Classes redefined (0 events):
No events

Internal exceptions (20 events):
Event: 18.521 Thread 0x000001f3e5260730 Exception <a 'java/lang/NoSuchMethodError'{0x000000008992a730}: 'java.lang.Object java.lang.invoke.Invokers$Holder.linkToTargetMethod(java.lang.Object, java.lang.Object, java.lang.Object, long, java.lang.Object)'> (0x000000008992a730) 
thrown [s\open\src\hotspot\share\interpreter\linkResolver.cpp, line 774]
Event: 358.570 Thread 0x000001f3e5260dc0 Exception <a 'java/lang/NoSuchMethodError'{0x00000000892d4690}: 'void java.lang.invoke.DirectMethodHandle$Holder.invokeSpecialIFC(java.lang.Object, java.lang.Object, int, java.lang.Object, java.lang.Object, java.lang.Object, java.lang.Object)'> (0x00000000892d4690) 
thrown [s\open\src\hotspot\share\interpreter\linkResolver.cpp, line 774]
Event: 359.147 Thread 0x000001f3e5261450 Exception <a 'java/lang/NoSuchMethodError'{0x00000000889342a8}: 'void java.lang.invoke.Invokers$Holder.invokeExact_MT(java.lang.Object, java.lang.Object, int, java.lang.Object)'> (0x00000000889342a8) 
thrown [s\open\src\hotspot\share\interpreter\linkResolver.cpp, line 774]
Event: 359.186 Thread 0x000001f3e5261450 Exception <a 'java/lang/IncompatibleClassChangeError'{0x000000008899a950}: Found class java.lang.Object, but interface was expected> (0x000000008899a950) 
thrown [s\open\src\hotspot\share\interpreter\linkResolver.cpp, line 841]
Event: 1765.190 Thread 0x000001f3e73116a0 Exception <a 'java/io/IOException'{0x00000000899142b8}> (0x00000000899142b8) 
thrown [s\open\src\hotspot\share\prims\jni.cpp, line 520]
Event: 1765.192 Thread 0x000001f3e73116a0 Exception <a 'java/io/IOException'{0x0000000089915720}> (0x0000000089915720) 
thrown [s\open\src\hotspot\share\prims\jni.cpp, line 520]
Event: 4721.548 Thread 0x000001f3e5262e90 Exception <a 'java/lang/NoSuchMethodError'{0x0000000088f9b358}: 'java.lang.Object java.lang.invoke.DirectMethodHandle$Holder.invokeStatic(java.lang.Object, int, int)'> (0x0000000088f9b358) 
thrown [s\open\src\hotspot\share\interpreter\linkResolver.cpp, line 774]
Event: 4990.711 Thread 0x000001f3e877fad0 Implicit null exception at 0x000001f3d7fe5ef1 to 0x000001f3d7fe5fe5
Event: 4990.858 Thread 0x000001f3e877fad0 Implicit null exception at 0x000001f3d7ff328d to 0x000001f3d7ff3b88
Event: 4990.901 Thread 0x000001f3e877fad0 Implicit null exception at 0x000001f3d8298408 to 0x000001f3d82996c8
Event: 4991.235 Thread 0x000001f3e877fad0 Exception <a 'java/lang/NoSuchMethodError'{0x0000000089298e80}: 'java.lang.Object java.lang.invoke.DirectMethodHandle$Holder.invokeInterface(java.lang.Object, java.lang.Object, java.lang.Object, java.lang.Object)'> (0x0000000089298e80) 
thrown [s\open\src\hotspot\share\interpreter\linkResolver.cpp, line 774]
Event: 4991.244 Thread 0x000001f3e877fad0 Exception <a 'java/lang/NoSuchMethodError'{0x00000000892ae118}: 'java.lang.Object java.lang.invoke.DirectMethodHandle$Holder.invokeInterface(java.lang.Object, java.lang.Object, java.lang.Object, java.lang.Object, java.lang.Object)'> (0x00000000892ae118) 
thrown [s\open\src\hotspot\share\interpreter\linkResolver.cpp, line 774]
Event: 4991.359 Thread 0x000001f3e877fad0 Exception <a 'java/lang/NoSuchMethodError'{0x000000008911d900}: 'int java.lang.invoke.Invokers$Holder.invokeExact_MT(java.lang.Object, java.lang.Object, java.lang.Object)'> (0x000000008911d900) 
thrown [s\open\src\hotspot\share\interpreter\linkResolver.cpp, line 774]
Event: 4991.476 Thread 0x000001f3e877fad0 Exception <a 'java/lang/NoSuchMethodError'{0x00000000891bd2d8}: 'int java.lang.invoke.DirectMethodHandle$Holder.invokeStatic(java.lang.Object, java.lang.Object, int, java.lang.Object)'> (0x00000000891bd2d8) 
thrown [s\open\src\hotspot\share\interpreter\linkResolver.cpp, line 774]
Event: 4991.504 Thread 0x000001f3e877fad0 Exception <a 'java/lang/NoSuchMethodError'{0x00000000891f39f8}: 'void java.lang.invoke.DirectMethodHandle$Holder.invokeStatic(java.lang.Object, int, java.lang.Object, java.lang.Object, java.lang.Object, java.lang.Object)'> (0x00000000891f39f8) 
thrown [s\open\src\hotspot\share\interpreter\linkResolver.cpp, line 774]
Event: 5390.551 Thread 0x000001f3e73f48f0 Implicit null exception at 0x000001f3d828c9ce to 0x000001f3d828cc88
Event: 5391.543 Thread 0x000001f3e73f48f0 Implicit null exception at 0x000001f3d828c9ce to 0x000001f3d828cc88
Event: 5392.555 Thread 0x000001f3e7218af0 Implicit null exception at 0x000001f3d828c9ce to 0x000001f3d828cc88
Event: 5393.548 Thread 0x000001f3e7218af0 Implicit null exception at 0x000001f3d828c9ce to 0x000001f3d828cc88
Event: 5786.723 Thread 0x000001f3e87807f0 Exception <a 'java/lang/NoSuchMethodError'{0x000000008929e318}: 'int java.lang.invoke.DirectMethodHandle$Holder.invokeStatic(java.lang.Object, java.lang.Object, int, int)'> (0x000000008929e318) 
thrown [s\open\src\hotspot\share\interpreter\linkResolver.cpp, line 774]

ZGC Phase Switch (0 events):
No events

VM Operations (20 events):
Event: 6648.632 Executing VM operation: G1CollectForAllocation (G1 Evacuation Pause)
Event: 6648.634 Executing VM operation: G1CollectForAllocation (G1 Evacuation Pause) done
Event: 6649.644 Executing VM operation: Cleanup
Event: 6649.644 Executing VM operation: Cleanup done
Event: 6651.238 Executing VM operation: G1CollectForAllocation (G1 Evacuation Pause)
Event: 6651.240 Executing VM operation: G1CollectForAllocation (G1 Evacuation Pause) done
Event: 6651.312 Executing VM operation: G1PauseRemark
Event: 6651.316 Executing VM operation: G1PauseRemark done
Event: 6651.351 Executing VM operation: G1PauseCleanup
Event: 6651.351 Executing VM operation: G1PauseCleanup done
Event: 6652.804 Executing VM operation: G1CollectForAllocation (G1 Evacuation Pause)
Event: 6652.805 Executing VM operation: G1CollectForAllocation (G1 Evacuation Pause) done
Event: 6654.512 Executing VM operation: G1CollectForAllocation (G1 Evacuation Pause)
Event: 6654.514 Executing VM operation: G1CollectForAllocation (G1 Evacuation Pause) done
Event: 6654.582 Executing VM operation: G1PauseRemark
Event: 6654.585 Executing VM operation: G1PauseRemark done
Event: 6654.608 Executing VM operation: G1PauseCleanup
Event: 6654.608 Executing VM operation: G1PauseCleanup done
Event: 6656.189 Executing VM operation: G1CollectForAllocation (G1 Evacuation Pause)
Event: 6656.190 Executing VM operation: G1CollectForAllocation (G1 Evacuation Pause) done

Events (20 events):
Event: 6654.585 Thread 0x000001f3e3e750e0 flushing nmethod 0x000001f3d144ef90
Event: 6654.585 Thread 0x000001f3e3e750e0 flushing nmethod 0x000001f3d09ede10
Event: 6654.585 Thread 0x000001f3e3e750e0 flushing nmethod 0x000001f3d0b1be10
Event: 6654.585 Thread 0x000001f3e3e750e0 flushing nmethod 0x000001f3d0f2de10
Event: 6654.585 Thread 0x000001f3e3e750e0 flushing nmethod 0x000001f3d115ca10
Event: 6654.585 Thread 0x000001f3e3e750e0 flushing nmethod 0x000001f3d115d010
Event: 6654.585 Thread 0x000001f3e3e750e0 flushing nmethod 0x000001f3d1403e10
Event: 6654.585 Thread 0x000001f3e3e750e0 flushing nmethod 0x000001f3d1407090
Event: 6654.585 Thread 0x000001f3e3e750e0 flushing nmethod 0x000001f3d140ac90
Event: 6654.585 Thread 0x000001f3e3e750e0 flushing nmethod 0x000001f3d140ca10
Event: 6654.585 Thread 0x000001f3e3e750e0 flushing nmethod 0x000001f3d140db10
Event: 6654.585 Thread 0x000001f3e3e750e0 flushing nmethod 0x000001f3d141ca90
Event: 6654.585 Thread 0x000001f3e3e750e0 flushing nmethod 0x000001f3d0e0bb10
Event: 6654.585 Thread 0x000001f3e3e750e0 flushing nmethod 0x000001f3d0e0d290
Event: 6654.585 Thread 0x000001f3e3e750e0 flushing nmethod 0x000001f3d0e85710
Event: 6654.585 Thread 0x000001f3e3e750e0 flushing nmethod 0x000001f3d1006290
Event: 6654.585 Thread 0x000001f3e3e750e0 flushing nmethod 0x000001f3d102e890
Event: 6654.585 Thread 0x000001f3e3e750e0 flushing nmethod 0x000001f3d104ff90
Event: 6654.585 Thread 0x000001f3e3e750e0 flushing nmethod 0x000001f3d1054990
Event: 6654.585 Thread 0x000001f3e3e750e0 flushing nmethod 0x000001f3d110d590


Dynamic libraries:
0x00007ff7ce5e0000 - 0x00007ff7ce5ee000 	C:\Users\SUNDAR\.jdks\openjdk-22\bin\java.exe
0x00007ffb8eb00000 - 0x00007ffb8ed09000 	C:\WINDOWS\SYSTEM32\ntdll.dll
0x00007ffb8dd00000 - 0x00007ffb8ddbe000 	C:\WINDOWS\System32\KERNEL32.DLL
0x00007ffb8c320000 - 0x00007ffb8c6a4000 	C:\WINDOWS\System32\KERNELBASE.dll
0x00007ffb8c7d0000 - 0x00007ffb8c8e1000 	C:\WINDOWS\System32\ucrtbase.dll
0x00007ffb797a0000 - 0x00007ffb797b7000 	C:\Users\SUNDAR\.jdks\openjdk-22\bin\jli.dll
0x00007ffb7f610000 - 0x00007ffb7f62b000 	C:\Users\SUNDAR\.jdks\openjdk-22\bin\VCRUNTIME140.dll
0x00007ffb8e0b0000 - 0x00007ffb8e25d000 	C:\WINDOWS\System32\USER32.dll
0x00007ffb8c120000 - 0x00007ffb8c146000 	C:\WINDOWS\System32\win32u.dll
0x00007ffb6fa30000 - 0x00007ffb6fcd5000 	C:\WINDOWS\WinSxS\amd64_microsoft.windows.common-controls_6595b64144ccf1df_6.0.22000.120_none_9d947278b86cc467\COMCTL32.dll
0x00007ffb8ea90000 - 0x00007ffb8eaba000 	C:\WINDOWS\System32\GDI32.dll
0x00007ffb8d1b0000 - 0x00007ffb8d253000 	C:\WINDOWS\System32\msvcrt.dll
0x00007ffb8c6b0000 - 0x00007ffb8c7cf000 	C:\WINDOWS\System32\gdi32full.dll
0x00007ffb8c150000 - 0x00007ffb8c1ed000 	C:\WINDOWS\System32\msvcp_win.dll
0x00007ffb8ea50000 - 0x00007ffb8ea81000 	C:\WINDOWS\System32\IMM32.DLL
0x00007ffb3d090000 - 0x00007ffb3d134000 	C:\Program Files\McAfee\Endpoint Security\Threat Prevention\Ips\EpMPApi.dll
0x00007ffb8df80000 - 0x00007ffb8e0a1000 	C:\WINDOWS\System32\RPCRT4.dll
0x00007ffb8dab0000 - 0x00007ffb8db5f000 	C:\WINDOWS\System32\ADVAPI32.dll
0x00007ffb8e9b0000 - 0x00007ffb8ea4e000 	C:\WINDOWS\System32\sechost.dll
0x00007ffb8c1f0000 - 0x00007ffb8c257000 	C:\WINDOWS\System32\WINTRUST.dll
0x00007ffb8bfb0000 - 0x00007ffb8c11a000 	C:\WINDOWS\System32\CRYPT32.dll
0x00007ffb8b870000 - 0x00007ffb8b882000 	C:\WINDOWS\SYSTEM32\MSASN1.dll
0x00000000551c0000 - 0x00000000551cc000 	C:\Program Files\McAfee\Endpoint Security\Threat Prevention\Ips\EpMPThe.dll
0x00007ffb3d030000 - 0x00007ffb3d08c000 	C:\Program Files\McAfee\Endpoint Security\Threat Prevention\Ips\HIPHandlers64.dll
0x00007ffb8c9e0000 - 0x00007ffb8d1a5000 	C:\WINDOWS\System32\SHELL32.dll
0x00007ffb8e3d0000 - 0x00007ffb8e42d000 	C:\WINDOWS\System32\SHLWAPI.dll
0x00007ffb8abc0000 - 0x00007ffb8abed000 	C:\WINDOWS\SYSTEM32\IPHLPAPI.DLL
0x00007ffb89a50000 - 0x00007ffb89c71000 	C:\WINDOWS\SYSTEM32\dbghelp.dll
0x00007ffb88db0000 - 0x00007ffb88dbc000 	C:\Users\SUNDAR\.jdks\openjdk-22\bin\vcruntime140_1.dll
0x00007ffb115c0000 - 0x00007ffb1164e000 	C:\Users\SUNDAR\.jdks\openjdk-22\bin\msvcp140.dll
0x00007ffb0fd60000 - 0x00007ffb10aa8000 	C:\Users\SUNDAR\.jdks\openjdk-22\bin\server\jvm.dll
0x00007ffb8c970000 - 0x00007ffb8c9df000 	C:\WINDOWS\System32\WS2_32.dll
0x00007ffb8af30000 - 0x00007ffb8af7d000 	C:\WINDOWS\SYSTEM32\POWRPROF.dll
0x00007ffb813c0000 - 0x00007ffb813f3000 	C:\WINDOWS\SYSTEM32\WINMM.dll
0x00007ffb809b0000 - 0x00007ffb809ba000 	C:\WINDOWS\SYSTEM32\VERSION.dll
0x00007ffb8af10000 - 0x00007ffb8af23000 	C:\WINDOWS\SYSTEM32\UMPDC.dll
0x00007ffb8b120000 - 0x00007ffb8b138000 	C:\WINDOWS\SYSTEM32\kernel.appcore.dll
0x00007ffb88d50000 - 0x00007ffb88d5a000 	C:\Users\SUNDAR\.jdks\openjdk-22\bin\jimage.dll
0x00007ffb6d7c0000 - 0x00007ffb6d7f1000 	C:\WINDOWS\SYSTEM32\dbgcore.DLL
0x00007ffb8c8f0000 - 0x00007ffb8c96f000 	C:\WINDOWS\System32\bcryptPrimitives.dll
0x00007ffb82860000 - 0x00007ffb8286f000 	C:\Users\SUNDAR\.jdks\openjdk-22\bin\instrument.dll
0x00007ffb56860000 - 0x00007ffb5687e000 	C:\Users\SUNDAR\.jdks\openjdk-22\bin\java.dll
0x00007ffb8d260000 - 0x00007ffb8d3fa000 	C:\WINDOWS\System32\ole32.dll
0x00007ffb8d400000 - 0x00007ffb8d776000 	C:\WINDOWS\System32\combase.dll
0x00007ffb8a090000 - 0x00007ffb8a8f4000 	C:\WINDOWS\SYSTEM32\windows.storage.dll
0x00007ffb89f20000 - 0x00007ffb8a087000 	C:\WINDOWS\SYSTEM32\wintypes.dll
0x00007ffb8e260000 - 0x00007ffb8e34a000 	C:\WINDOWS\System32\SHCORE.dll
0x00007ffb8bee0000 - 0x00007ffb8bf01000 	C:\WINDOWS\SYSTEM32\profapi.dll
0x00007ffb114e0000 - 0x00007ffb115b7000 	C:\Users\SUNDAR\.jdks\openjdk-22\bin\jsvml.dll
0x00007ffb50ec0000 - 0x00007ffb50ed7000 	C:\Users\SUNDAR\.jdks\openjdk-22\bin\zip.dll
0x00007ffb85760000 - 0x00007ffb85770000 	C:\Users\SUNDAR\.jdks\openjdk-22\bin\net.dll
0x00007ffb8b5c0000 - 0x00007ffb8b627000 	C:\WINDOWS\system32\mswsock.dll
0x00007ffb50ee0000 - 0x00007ffb50ef6000 	C:\Users\SUNDAR\.jdks\openjdk-22\bin\nio.dll
0x00007ffb38740000 - 0x00007ffb3875a000 	C:\Program Files\JetBrains\IntelliJ IDEA Community Edition 2023.3.6\bin\breakgen64.dll
0x00007ffb7f9c0000 - 0x00007ffb7f9c9000 	C:\Users\SUNDAR\.jdks\openjdk-22\bin\extnet.dll
0x00007ffb79790000 - 0x00007ffb7979a000 	C:\Users\SUNDAR\.jdks\openjdk-22\bin\management.dll
0x00007ffb6e640000 - 0x00007ffb6e64b000 	C:\Users\SUNDAR\.jdks\openjdk-22\bin\management_ext.dll
0x00007ffb8dcf0000 - 0x00007ffb8dcf8000 	C:\WINDOWS\System32\PSAPI.DLL
0x00007ffb646f0000 - 0x00007ffb646fb000 	C:\Users\SUNDAR\.jdks\openjdk-22\bin\le.dll
0x00007ffb69760000 - 0x00007ffb6976e000 	C:\Users\SUNDAR\.jdks\openjdk-22\bin\sunmscapi.dll
0x00007ffb8b960000 - 0x00007ffb8b98a000 	C:\WINDOWS\SYSTEM32\ncrypt.dll
0x00007ffb8b920000 - 0x00007ffb8b957000 	C:\WINDOWS\SYSTEM32\NTASN1.dll
0x00007ffb8b810000 - 0x00007ffb8b828000 	C:\WINDOWS\SYSTEM32\CRYPTSP.dll
0x00007ffb8b080000 - 0x00007ffb8b0b5000 	C:\WINDOWS\system32\rsaenh.dll
0x00007ffb8b6c0000 - 0x00007ffb8b6e9000 	C:\WINDOWS\SYSTEM32\USERENV.dll
0x00007ffb8b990000 - 0x00007ffb8b9b7000 	C:\WINDOWS\SYSTEM32\bcrypt.dll
0x00007ffb8b830000 - 0x00007ffb8b83c000 	C:\WINDOWS\SYSTEM32\CRYPTBASE.dll
0x00007ffb8daa0000 - 0x00007ffb8daa9000 	C:\WINDOWS\System32\NSI.dll
0x00007ffb5ea90000 - 0x00007ffb5eaa0000 	C:\Users\SUNDAR\.jdks\openjdk-22\bin\verify.dll
0x00007ffb8ac30000 - 0x00007ffb8ad18000 	C:\WINDOWS\SYSTEM32\DNSAPI.dll
0x00007ffb80530000 - 0x00007ffb8053a000 	C:\Windows\System32\rasadhlp.dll
0x00007ffb80b40000 - 0x00007ffb80bc2000 	C:\WINDOWS\System32\fwpuclnt.dll
0x00007ffb63e90000 - 0x00007ffb63e98000 	C:\WINDOWS\system32\wshunix.dll

dbghelp: loaded successfully - version: 4.0.5 - missing functions: none
symbol engine: initialized successfully - sym options: 0x614 - pdb path: .;C:\Users\SUNDAR\.jdks\openjdk-22\bin;C:\WINDOWS\SYSTEM32;C:\WINDOWS\WinSxS\amd64_microsoft.windows.common-controls_6595b64144ccf1df_6.0.22000.120_none_9d947278b86cc467;C:\Program Files\McAfee\Endpoint Security\Threat Prevention\Ips;C:\Users\SUNDAR\.jdks\openjdk-22\bin\server;C:\Program Files\JetBrains\IntelliJ IDEA Community Edition 2023.3.6\bin

VM Arguments:
jvm_args: -javaagent:C:\Program Files\JetBrains\IntelliJ IDEA Community Edition 2023.3.6\lib\idea_rt.jar=58028:C:\Program Files\JetBrains\IntelliJ IDEA Community Edition 2023.3.6\bin -Dfile.encoding=UTF-8 -Dsun.stdout.encoding=UTF-8 -Dsun.stderr.encoding=UTF-8 
java_command: com.sundar.OnlineFoodOrderingApplication
java_class_path (initial): D:\Full Stack Project New\Online-Food-Ordering\target\classes;C:\Users\SUNDAR\.m2\repository\org\springframework\boot\spring-boot-starter-data-jpa\3.2.4\spring-boot-starter-data-jpa-3.2.4.jar;C:\Users\SUNDAR\.m2\repository\org\springframework\boot\spring-boot-starter-aop\3.2.4\spring-boot-starter-aop-3.2.4.jar;C:\Users\SUNDAR\.m2\repository\org\aspectj\aspectjweaver\1.9.21\aspectjweaver-1.9.21.jar;C:\Users\SUNDAR\.m2\repository\org\springframework\boot\spring-boot-starter-jdbc\3.2.4\spring-boot-starter-jdbc-3.2.4.jar;C:\Users\SUNDAR\.m2\repository\com\zaxxer\HikariCP\5.0.1\HikariCP-5.0.1.jar;C:\Users\SUNDAR\.m2\repository\org\springframework\spring-jdbc\6.1.5\spring-jdbc-6.1.5.jar;C:\Users\SUNDAR\.m2\repository\org\hibernate\orm\hibernate-core\6.4.4.Final\hibernate-core-6.4.4.Final.jar;C:\Users\SUNDAR\.m2\repository\jakarta\persistence\jakarta.persistence-api\3.1.0\jakarta.persistence-api-3.1.0.jar;C:\Users\SUNDAR\.m2\repository\jakarta\transaction\jakarta.transaction-api\2.0.1\jakarta.transaction-api-2.0.1.jar;C:\Users\SUNDAR\.m2\repository\org\jboss\logging\jboss-logging\3.5.3.Final\jboss-logging-3.5.3.Final.jar;C:\Users\SUNDAR\.m2\repository\org\hibernate\common\hibernate-commons-annotations\6.0.6.Final\hibernate-commons-annotations-6.0.6.Final.jar;C:\Users\SUNDAR\.m2\repository\io\smallrye\jandex\3.1.2\jandex-3.1.2.jar;C:\Users\SUNDAR\.m2\repository\com\fasterxml\classmate\1.6.0\classmate-1.6.0.jar;C:\Users\SUNDAR\.m2\repository\net\bytebuddy\byte-buddy\1.14.12\byte-buddy-1.14.12.jar;C:\Users\SUNDAR\.m2\repository\org\glassfish\jaxb\jaxb-runtime\4.0.5\jaxb-runtime-4.0.5.jar;C:\Users\SUNDAR\.m2\repository\org\glassfish\jaxb\jaxb-core\4.0.5\jaxb-core-4.0.5.jar;C:\Users\SUNDAR\.m2\repository\org\eclipse\angus\angus-activation\2.0.2\angus-activation-2.0.2.jar;C:\Users\SUNDAR\.m2\repository\org\glassfish\jaxb\txw2\4.0.5\txw2-4.0.5.jar;C:\Users\SUNDAR\.m2\repository\com\sun\istack\istack-commons-runtime\4.1.2\istack-commons-runtime-4.1.2.jar;C:\Users\SUNDAR\.m2\repository\jakarta\inject\jakarta.inject-api\2.0.1\jakarta.inject-api-2.0.1.jar;C:\Users\SUNDAR\.m2\repository\org\antlr\antlr4-runtime\4.13.0\antlr4-runtime-4.13.0.jar;C:\Users\SUNDAR\.m2\repository\org\springframework\data\spring-data-jpa\3.2.4\spring-data-jpa-3.2.4.jar;C:\Users\SUNDAR\.m2\repository\org\springframework\data\spring-data-commons\3.2.4\spring-data-commons-3.2.4.jar;C:\Users\SUNDAR\.m2\repository\org\springframework\spring-orm\6.1.5\spring-orm-6.1.5.jar;C:\Users\SUNDAR\.m2\repository\org\springframework\spring-context\6.1.5\spring-context-6.1.5.jar;C:\Users\SUNDAR\.m2\repository\org\springframework\spring-tx\6.1.5\spring-tx-6.1.5.jar;C:\Users\SUNDAR\.m2\repository\org\springframework\spring-beans\6.1.5\spring-beans-6.1.5.jar;C:\Users\SUNDAR\.m2\repository\jakarta\annotation\jakarta.annotation-api\2.1.1\jakarta.annotation-api-2.1.1.jar;C:\Users\SUNDAR\.m2\repository\org\slf4j\slf4j-api\2.0.12\slf4j-api-2.0.12.jar;C:\Users\SUNDAR\.m2\repository\org\springframework\spring-aspects\6.1.5\spring-aspects-6.1.5.jar;C:\Users\SUNDAR\.m2\repository\org\springframework\boot\spring-boot-starter-security\3.2.4\spring-boot-starter-security-3.2.4.jar;C:\Users\SUNDAR\.m2\repository\org\springframework\boot\spring-boot-starter\3.2.4\spring-boot-starter-3.2.4.jar;C:\Users\SUNDAR\.m2\repository\org\springframework\boot\spring-boot-starter-logging\3.2.4\spring-boot-starter-logging-3.2.4.jar;C:\Users\SUNDAR\.m2\repository\ch\qos\logback\logback-classic\1.4.14\logback-classic-1.4.14.jar;C:\Users\SUNDAR\.m2\repository\ch\qos\logback\logback-core\1.4.14\logback-core-1.4.14.jar;C:\Users\SUNDAR\.m2\repository\org\apache\logging\log4j\log4j-to-slf4j\2.21.1\log4j-to-slf4j-2.21.1.jar;C:\Users\SUNDAR\.m2\repository\org\apache\logging\log4j\log4j-api\2.21.1\log4j-api-2.21.1.jar;C:\Users\SUNDAR\.m2\repository\org\slf4j\jul-to-slf4j\2.0.12\jul-to-slf4j-2.0.12.jar;C:\Users\SUNDAR\.m2\repository\org\yaml\snakeyaml\2.2\snakeyaml-2.2.jar;C:\Users\SUNDAR\.m2\repository\org\springframework\spring-aop\6.1.5\spring-aop-6.1.5.jar;C:\Users\SUNDAR\.m2\repository\org\springframework\security\spring-security-config\6.2.3\spring-security-config-6.2.3.jar;C:\Users\SUNDAR\.m2\repository\org\springframework\security\spring-security-web\6.2.3\spring-security-web-6.2.3.jar;C:\Users\SUNDAR\.m2\repository\org\springframework\spring-expression\6.1.5\spring-expression-6.1.5.jar;C:\Users\SUNDAR\.m2\repository\org\springframework\boot\spring-boot-starter-web\3.2.4\spring-boot-starter-web-3.2.4.jar;C:\Users\SUNDAR\.m2\repository\org\springframework\boot\spring-boot-starter-json\3.2.4\spring-boot-starter-json-3.2.4.jar;C:\Users\SUNDAR\.m2\repository\com\fasterxml\jackson\datatype\jackson-datatype-jdk8\2.15.4\jackson-datatype-jdk8-2.15.4.jar;C:\Users\SUNDAR\.m2\repository\com\fasterxml\jackson\datatype\jackson-datatype-jsr310\2.15.4\jackson-datatype-jsr310-2.15.4.jar;C:\Users\SUNDAR\.m2\repository\com\fasterxml\jackson\module\jackson-module-parameter-names\2.15.4\jackson-module-parameter-names-2.15.4.jar;C:\Users\SUNDAR\.m2\repository\org\springframework\boot\spring-boot-starter-tomcat\3.2.4\spring-boot-starter-tomcat-3.2.4.jar;C:\Users\SUNDAR\.m2\repository\org\apache\tomcat\embed\tomcat-embed-core\10.1.19\tomcat-embed-core-10.1.19.jar;C:\Users\SUNDAR\.m2\repository\org\apache\tomcat\embed\tomcat-embed-el\10.1.19\tomcat-embed-el-10.1.19.jar;C:\Users\SUNDAR\.m2\repository\org\apache\tomcat\embed\tomcat-embed-websocket\10.1.19\tomcat-embed-websocket-10.1.19.jar;C:\Users\SUNDAR\.m2\repository\org\springframework\spring-web\6.1.5\spring-web-6.1.5.jar;C:\Users\SUNDAR\.m2\repository\io\micrometer\micrometer-observation\1.12.4\micrometer-observation-1.12.4.jar;C:\Users\SUNDAR\.m2\repository\io\micrometer\micrometer-commons\1.12.4\micrometer-commons-1.12.4.jar;C:\Users\SUNDAR\.m2\repository\org\springframework\spring-webmvc\6.1.5\spring-webmvc-6.1.5.jar;C:\Users\SUNDAR\.m2\repository\org\springframework\boot\spring-boot-devtools\3.2.4\spring-boot-devtools-3.2.4.jar;C:\Users\SUNDAR\.m2\repository\org\springframework\boot\spring-boot\3.2.4\spring-boot-3.2.4.jar;C:\Users\SUNDAR\.m2\repository\org\springframework\boot\spring-boot-autoconfigure\3.2.4\spring-boot-autoconfigure-3.2.4.jar;C:\Users\SUNDAR\.m2\repository\com\mysql\mysql-connector-j\8.3.0\mysql-connector-j-8.3.0.jar;C:\Users\SUNDAR\.m2\repository\org\projectlombok\lombok\1.18.30\lombok-1.18.30.jar;C:\Users\SUNDAR\.m2\repository\jakarta\xml\bind\jakarta.xml.bind-api\4.0.2\jakarta.xml.bind-api-4.0.2.jar;C:\Users\SUNDAR\.m2\repository\jakarta\activation\jakarta.activation-api\2.1.3\jakarta.activation-api-2.1.3.jar;C:\Users\SUNDAR\.m2\repository\org\springframework\spring-core\6.1.5\spring-core-6.1.5.jar;C:\Users\SUNDAR\.m2\repository\org\springframework\spring-jcl\6.1.5\spring-jcl-6.1.5.jar;C:\Users\SUNDAR\.m2\repository\org\springframework\security\spring-security-core\6.2.3\spring-security-core-6.2.3.jar;C:\Users\SUNDAR\.m2\repository\org\springframework\security\spring-security-crypto\6.2.3\spring-security-crypto-6.2.3.jar;C:\Users\SUNDAR\.m2\repository\io\jsonwebtoken\jjwt-api\0.11.1\jjwt-api-0.11.1.jar;C:\Users\SUNDAR\.m2\repository\io\jsonwebtoken\jjwt-impl\0.11.1\jjwt-impl-0.11.1.jar;C:\Users\SUNDAR\.m2\repository\io\jsonwebtoken\jjwt-jackson\0.11.1\jjwt-jackson-0.11.1.jar;C:\Users\SUNDAR\.m2\repository\com\fasterxml\jackson\core\jackson-databind\2.15.4\jackson-databind-2.15.4.jar;C:\Users\SUNDAR\.m2\repository\com\fasterxml\jackson\core\jackson-annotations\2.15.4\jackson-annotations-2.15.4.jar;C:\Users\SUNDAR\.m2\repository\com\fasterxml\jackson\core\jackson-core\2.15.4\jackson-core-2.15.4.jar;C:\Users\SUNDAR\.m2\repository\com\stripe\stripe-java\20.62.0\stripe-java-20.62.0.jar;C:\Users\SUNDAR\.m2\repository\com\google\code\gson\gson\2.10.1\gson-2.10.1.jar
Launcher Type: SUN_STANDARD

[Global flags]
     intx CICompilerCount                          = 3                                         {product} {ergonomic}
     uint ConcGCThreads                            = 1                                         {product} {ergonomic}
     uint G1ConcRefinementThreads                  = 4                                         {product} {ergonomic}
   size_t G1HeapRegionSize                         = 1048576                                   {product} {ergonomic}
   size_t InitialHeapSize                          = 130023424                                 {product} {ergonomic}
   size_t MarkStackSize                            = 4194304                                   {product} {ergonomic}
   size_t MaxHeapSize                              = 2055208960                                {product} {ergonomic}
   size_t MaxNewSize                               = 1233125376                                {product} {ergonomic}
   size_t MinHeapDeltaBytes                        = 1048576                                   {product} {ergonomic}
   size_t MinHeapSize                              = 8388608                                   {product} {ergonomic}
    uintx NonNMethodCodeHeapSize                   = 5832780                                {pd product} {ergonomic}
    uintx NonProfiledCodeHeapSize                  = 122912730                              {pd product} {ergonomic}
    uintx ProfiledCodeHeapSize                     = 122912730                              {pd product} {ergonomic}
    uintx ReservedCodeCacheSize                    = 251658240                              {pd product} {ergonomic}
     bool SegmentedCodeCache                       = true                                      {product} {ergonomic}
   size_t SoftMaxHeapSize                          = 2055208960                             {manageable} {ergonomic}
     bool UseCompressedOops                        = true                           {product lp64_product} {ergonomic}
     bool UseG1GC                                  = true                                      {product} {ergonomic}
     bool UseLargePagesIndividualAllocation        = false                                  {pd product} {ergonomic}

Logging:
Log output configuration:
 #0: stdout all=warning uptime,level,tags foldmultilines=false
 #1: stderr all=off uptime,level,tags foldmultilines=false

Environment Variables:
PATH=C:\oraclexe\app\oracle\product\10.2.0\server\bin;C:\oraclexe\app\oracle\product\11.2.0\server\bin;C:\Program Files (x86)\Common Files\Oracle\Java\javapath;C:\WINDOWS\system32;C:\WINDOWS;C:\WINDOWS\System32\Wbem;C:\WINDOWS\System32\WindowsPowerShell\v1.0\;C:\WINDOWS\System32\OpenSSH\;C:\Program Files\nodejs\;C:\Program Files\Git\cmd;C:\Apache24\bin;C:\Program Files\MySQL\MySQL Server 8.0\bin;C:\Program Files\Microsoft SQL Server\150\Tools\Binn\;C:\Program Files\Java\jdk1.8.0_211\bin;C:\Program Files\MySQL\MySQL Server 8.0\bin;C:\Program Files\MySQL\MySQL Shell 8.0\bin\;C:\Users\SUNDAR\AppData\Local\Programs\Python\Python310\Scripts\;C:\Users\SUNDAR\AppData\Local\Programs\Python\Python310\;C:\Users\SUNDAR\AppData\Local\Microsoft\WindowsApps;;C:\Users\SUNDAR\AppData\Roaming\npm;C:\Users\SUNDAR\AppData\Local\Programs\Microsoft VS Code\bin;C:\Program Files\JetBrains\IntelliJ IDEA Community Edition 2023.3.6\bin;
USERNAME=SUNDAR
OS=Windows_NT
PROCESSOR_IDENTIFIER=Intel64 Family 6 Model 140 Stepping 1, GenuineIntel
TMP=C:\Users\SUNDAR\AppData\Local\Temp
TEMP=C:\Users\SUNDAR\AppData\Local\Temp




Periodic native trim disabled

---------------  S Y S T E M  ---------------

OS:
 Windows 11 , 64 bit Build 22000 (10.0.22000.1880)
OS uptime: 9 days 11:15 hours

CPU: total 4 (initial active 4) (2 cores per cpu, 2 threads per core) family 6 model 140 stepping 1 microcode 0x9a, cx8, cmov, fxsr, ht, mmx, 3dnowpref, sse, sse2, sse3, ssse3, sse4.1, sse4.2, popcnt, lzcnt, tsc, tscinvbit, avx, avx2, aes, erms, clmul, bmi1, bmi2, adx, avx512f, avx512dq, avx512cd, avx512bw, avx512vl, sha, fma, vzeroupper, avx512_vpopcntdq, avx512_vpclmulqdq, avx512_vaes, avx512_vnni, clflush, clflushopt, clwb, avx512_vbmi2, avx512_vbmi, rdtscp, rdpid, fsrm, gfni, avx512_bitalg, f16c, pku, cet_ibt, cet_ss, avx512_ifma
Processor Information for processor 0
  Max Mhz: 2901, Current Mhz: 1500, Mhz Limit: 2901
Processor Information for processor 1
  Max Mhz: 2901, Current Mhz: 2901, Mhz Limit: 2901
Processor Information for processor 2
  Max Mhz: 2901, Current Mhz: 2901, Mhz Limit: 2901
Processor Information for processor 3
  Max Mhz: 2901, Current Mhz: 2901, Mhz Limit: 2901

Memory: 4k page, system-wide physical 7834M (327M free)
TotalPageFile size 31386M (AvailPageFile size 1M)
current process WorkingSet (physical memory assigned to process): 228M, peak: 294M
current process commit charge ("private bytes"): 342M, peak: 355M

vm_info: OpenJDK 64-Bit Server VM (22+36-2370) for windows-amd64 JRE (22+36-2370), built on 2024-02-15T22:15:19Z by "mach5one" with MS VC++ 17.6 (VS2022)

END.
